# JRE version: Java(TM) SE Runtime Environment (8.0_131-b11) (build 1.8.0_131-b11)
# Java VM: Java HotSpot(TM) 64-Bit Server VM (25.131-b11 mixed mode windows-amd64 compressed oops)
Heap:
 PSYoungGen      total 75776K, used 68643K [0x000000076b800000, 0x0000000770c80000, 0x00000007c0000000)
  eden space 65024K, 89% used [0x000000076b800000,0x000000076f090f80,0x000000076f780000)
  from space 10752K, 99% used [0x000000076f780000,0x00000007701f8020,0x0000000770200000)
  to   space 10752K, 0% used [0x0000000770200000,0x0000000770200000,0x0000000770c80000)
 ParOldGen       total 173568K, used 49147K [0x00000006c2800000, 0x00000006cd180000, 0x000000076b800000)
  object space 173568K, 28% used [0x00000006c2800000,0x00000006c57fef00,0x00000006cd180000)
 Metaspace       used 19486K, capacity 19976K, committed 20224K, reserved 1067008K
  class space    used 2288K, capacity 2456K, committed 2560K, reserved 1048576K
GC Heap History (10 events):
Event: 2.815 GC heap before
{Heap before GC invocations=1 (full 0):
 PSYoungGen      total 75776K, used 65024K [0x000000076b800000, 0x0000000770c80000, 0x00000007c0000000)
  eden space 65024K, 100% used [0x000000076b800000,0x000000076f780000,0x000000076f780000)
  from space 10752K, 0% used [0x0000000770200000,0x0000000770200000,0x0000000770c80000)
  to   space 10752K, 0% used [0x000000076f780000,0x000000076f780000,0x0000000770200000)
 ParOldGen       total 173568K, used 0K [0x00000006c2800000, 0x00000006cd180000, 0x000000076b800000)
  object space 173568K, 0% used [0x00000006c2800000,0x00000006c2800000,0x00000006cd180000)
 Metaspace       used 11749K, capacity 11944K, committed 12160K, reserved 1060864K
  class space    used 1471K, capacity 1572K, committed 1664K, reserved 1048576K
Event: 2.832 GC heap after
Heap after GC invocations=1 (full 0):
 PSYoungGen      total 75776K, used 10120K [0x000000076b800000, 0x0000000770c80000, 0x00000007c0000000)
  eden space 65024K, 0% used [0x000000076b800000,0x000000076b800000,0x000000076f780000)
  from space 10752K, 94% used [0x000000076f780000,0x0000000770162048,0x0000000770200000)
  to   space 10752K, 0% used [0x0000000770200000,0x0000000770200000,0x0000000770c80000)
 ParOldGen       total 173568K, used 16K [0x00000006c2800000, 0x00000006cd180000, 0x000000076b800000)
  object space 173568K, 0% used [0x00000006c2800000,0x00000006c2804000,0x00000006cd180000)
 Metaspace       used 11749K, capacity 11944K, committed 12160K, reserved 1060864K
  class space    used 1471K, capacity 1572K, committed 1664K, reserved 1048576K
}
Event: 5.000 GC heap before
{Heap before GC invocations=2 (full 0):
 PSYoungGen      total 75776K, used 75144K [0x000000076b800000, 0x0000000770c80000, 0x00000007c0000000)
  eden space 65024K, 100% used [0x000000076b800000,0x000000076f780000,0x000000076f780000)
  from space 10752K, 94% used [0x000000076f780000,0x0000000770162048,0x0000000770200000)
  to   space 10752K, 0% used [0x0000000770200000,0x0000000770200000,0x0000000770c80000)
 ParOldGen       total 173568K, used 16K [0x00000006c2800000, 0x00000006cd180000, 0x000000076b800000)
  object space 173568K, 0% used [0x00000006c2800000,0x00000006c2804000,0x00000006cd180000)
 Metaspace       used 14960K, capacity 15206K, committed 15488K, reserved 1062912K
  class space    used 1820K, capacity 1913K, committed 1920K, reserved 1048576K
Event: 5.022 GC heap after
Heap after GC invocations=2 (full 0):
 PSYoungGen      total 75776K, used 10749K [0x000000076b800000, 0x0000000770c80000, 0x00000007c0000000)
  eden space 65024K, 0% used [0x000000076b800000,0x000000076b800000,0x000000076f780000)
  from space 10752K, 99% used [0x0000000770200000,0x0000000770c7f6c0,0x0000000770c80000)
  to   space 10752K, 0% used [0x000000076f780000,0x000000076f780000,0x0000000770200000)
 ParOldGen       total 173568K, used 993K [0x00000006c2800000, 0x00000006cd180000, 0x000000076b800000)
  object space 173568K, 0% used [0x00000006c2800000,0x00000006c28f86f8,0x00000006cd180000)
 Metaspace       used 14960K, capacity 15206K, committed 15488K, reserved 1062912K
  class space    used 1820K, capacity 1913K, committed 1920K, reserved 1048576K
}
Event: 6.280 GC heap before
{Heap before GC invocations=3 (full 0):
 PSYoungGen      total 75776K, used 75773K [0x000000076b800000, 0x0000000770c80000, 0x00000007c0000000)
  eden space 65024K, 100% used [0x000000076b800000,0x000000076f780000,0x000000076f780000)
  from space 10752K, 99% used [0x0000000770200000,0x0000000770c7f6c0,0x0000000770c80000)
  to   space 10752K, 0% used [0x000000076f780000,0x000000076f780000,0x0000000770200000)
 ParOldGen       total 173568K, used 993K [0x00000006c2800000, 0x00000006cd180000, 0x000000076b800000)
  object space 173568K, 0% used [0x00000006c2800000,0x00000006c28f86f8,0x00000006cd180000)
 Metaspace       used 15282K, capacity 15570K, committed 15872K, reserved 1062912K
  class space    used 1837K, capacity 1947K, committed 2048K, reserved 1048576K
Event: 6.314 GC heap after
Heap after GC invocations=3 (full 0):
 PSYoungGen      total 75776K, used 10752K [0x000000076b800000, 0x0000000770c80000, 0x00000007c0000000)
  eden space 65024K, 0% used [0x000000076b800000,0x000000076b800000,0x000000076f780000)
  from space 10752K, 100% used [0x000000076f780000,0x0000000770200000,0x0000000770200000)
  to   space 10752K, 0% used [0x0000000770200000,0x0000000770200000,0x0000000770c80000)
 ParOldGen       total 173568K, used 8029K [0x00000006c2800000, 0x00000006cd180000, 0x000000076b800000)
  object space 173568K, 4% used [0x00000006c2800000,0x00000006c2fd77b8,0x00000006cd180000)
 Metaspace       used 15282K, capacity 15570K, committed 15872K, reserved 1062912K
  class space    used 1837K, capacity 1947K, committed 2048K, reserved 1048576K
}
Event: 8.666 GC heap before
{Heap before GC invocations=4 (full 0):
 PSYoungGen      total 75776K, used 75776K [0x000000076b800000, 0x0000000770c80000, 0x00000007c0000000)
  eden space 65024K, 100% used [0x000000076b800000,0x000000076f780000,0x000000076f780000)
  from space 10752K, 100% used [0x000000076f780000,0x0000000770200000,0x0000000770200000)
  to   space 10752K, 0% used [0x0000000770200000,0x0000000770200000,0x0000000770c80000)
 ParOldGen       total 173568K, used 8029K [0x00000006c2800000, 0x00000006cd180000, 0x000000076b800000)
  object space 173568K, 4% used [0x00000006c2800000,0x00000006c2fd77b8,0x00000006cd180000)
 Metaspace       used 15905K, capacity 16170K, committed 16384K, reserved 1062912K
  class space    used 1873K, capacity 1951K, committed 2048K, reserved 1048576K
Event: 8.703 GC heap after
Heap after GC invocations=4 (full 0):
 PSYoungGen      total 75776K, used 10736K [0x000000076b800000, 0x0000000770c80000, 0x00000007c0000000)
  eden space 65024K, 0% used [0x000000076b800000,0x000000076b800000,0x000000076f780000)
  from space 10752K, 99% used [0x0000000770200000,0x0000000770c7c010,0x0000000770c80000)
  to   space 10752K, 0% used [0x000000076f780000,0x000000076f780000,0x0000000770200000)
 ParOldGen       total 173568K, used 15727K [0x00000006c2800000, 0x00000006cd180000, 0x000000076b800000)
  object space 173568K, 9% used [0x00000006c2800000,0x00000006c375bf70,0x00000006cd180000)
 Metaspace       used 15905K, capacity 16170K, committed 16384K, reserved 1062912K
  class space    used 1873K, capacity 1951K, committed 2048K, reserved 1048576K
}
Event: 10.033 GC heap before
{Heap before GC invocations=5 (full 0):
 PSYoungGen      total 75776K, used 71439K [0x000000076b800000, 0x0000000770c80000, 0x00000007c0000000)
  eden space 65024K, 93% used [0x000000076b800000,0x000000076f347e10,0x000000076f780000)
  from space 10752K, 99% used [0x0000000770200000,0x0000000770c7c010,0x0000000770c80000)
  to   space 10752K, 0% used [0x000000076f780000,0x000000076f780000,0x0000000770200000)
 ParOldGen       total 173568K, used 15727K [0x00000006c2800000, 0x00000006cd180000, 0x000000076b800000)
  object space 173568K, 9% used [0x00000006c2800000,0x00000006c375bf70,0x00000006cd180000)
 Metaspace       used 17114K, capacity 17506K, committed 17792K, reserved 1064960K
  class space    used 1996K, capacity 2119K, committed 2176K, reserved 1048576K
Event: 10.069 GC heap after
Heap after GC invocations=5 (full 0):
 PSYoungGen      total 75776K, used 10720K [0x000000076b800000, 0x0000000770c80000, 0x00000007c0000000)
  eden space 65024K, 0% used [0x000000076b800000,0x000000076b800000,0x000000076f780000)
  from space 10752K, 99% used [0x000000076f780000,0x00000007701f8020,0x0000000770200000)
  to   space 10752K, 0% used [0x0000000770200000,0x0000000770200000,0x0000000770c80000)
 ParOldGen       total 173568K, used 49147K [0x00000006c2800000, 0x00000006cd180000, 0x000000076b800000)
  object space 173568K, 28% used [0x00000006c2800000,0x00000006c57fef00,0x00000006cd180000)
 Metaspace       used 17114K, capacity 17506K, committed 17792K, reserved 1064960K
  class space    used 1996K, capacity 2119K, committed 2176K, reserved 1048576K
}

