# JRE version: Java(TM) SE Runtime Environment (8.0_131-b11) (build 1.8.0_131-b11)
# Java VM: Java HotSpot(TM) 64-Bit Server VM (25.131-b11 mixed mode windows-amd64 compressed oops)
Heap:
 PSYoungGen      total 75776K, used 19877K [0x000000076b800000, 0x0000000774c00000, 0x00000007c0000000)
  eden space 65024K, 14% used [0x000000076b800000,0x000000076c0ed4c8,0x000000076f780000)
  from space 10752K, 99% used [0x0000000770200000,0x0000000770c7c030,0x0000000770c80000)
  to   space 10752K, 0% used [0x000000076f780000,0x000000076f780000,0x0000000770200000)
 ParOldGen       total 173568K, used 8533K [0x00000006c2800000, 0x00000006cd180000, 0x000000076b800000)
  object space 173568K, 4% used [0x00000006c2800000,0x00000006c3055600,0x00000006cd180000)
 Metaspace       used 18531K, capacity 19046K, committed 19328K, reserved 1067008K
  class space    used 2156K, capacity 2337K, committed 2432K, reserved 1048576K
GC Heap History (8 events):
Event: 2.747 GC heap before
{Heap before GC invocations=1 (full 0):
 PSYoungGen      total 75776K, used 65024K [0x000000076b800000, 0x0000000770c80000, 0x00000007c0000000)
  eden space 65024K, 100% used [0x000000076b800000,0x000000076f780000,0x000000076f780000)
  from space 10752K, 0% used [0x0000000770200000,0x0000000770200000,0x0000000770c80000)
  to   space 10752K, 0% used [0x000000076f780000,0x000000076f780000,0x0000000770200000)
 ParOldGen       total 173568K, used 0K [0x00000006c2800000, 0x00000006cd180000, 0x000000076b800000)
  object space 173568K, 0% used [0x00000006c2800000,0x00000006c2800000,0x00000006cd180000)
 Metaspace       used 11717K, capacity 11912K, committed 12160K, reserved 1060864K
  class space    used 1460K, capacity 1540K, committed 1664K, reserved 1048576K
Event: 2.761 GC heap after
Heap after GC invocations=1 (full 0):
 PSYoungGen      total 75776K, used 10076K [0x000000076b800000, 0x0000000770c80000, 0x00000007c0000000)
  eden space 65024K, 0% used [0x000000076b800000,0x000000076b800000,0x000000076f780000)
  from space 10752K, 93% used [0x000000076f780000,0x00000007701570f8,0x0000000770200000)
  to   space 10752K, 0% used [0x0000000770200000,0x0000000770200000,0x0000000770c80000)
 ParOldGen       total 173568K, used 16K [0x00000006c2800000, 0x00000006cd180000, 0x000000076b800000)
  object space 173568K, 0% used [0x00000006c2800000,0x00000006c2804000,0x00000006cd180000)
 Metaspace       used 11717K, capacity 11912K, committed 12160K, reserved 1060864K
  class space    used 1460K, capacity 1540K, committed 1664K, reserved 1048576K
}
Event: 4.849 GC heap before
{Heap before GC invocations=2 (full 0):
 PSYoungGen      total 75776K, used 75100K [0x000000076b800000, 0x0000000770c80000, 0x00000007c0000000)
  eden space 65024K, 100% used [0x000000076b800000,0x000000076f780000,0x000000076f780000)
  from space 10752K, 93% used [0x000000076f780000,0x00000007701570f8,0x0000000770200000)
  to   space 10752K, 0% used [0x0000000770200000,0x0000000770200000,0x0000000770c80000)
 ParOldGen       total 173568K, used 16K [0x00000006c2800000, 0x00000006cd180000, 0x000000076b800000)
  object space 173568K, 0% used [0x00000006c2800000,0x00000006c2804000,0x00000006cd180000)
 Metaspace       used 14971K, capacity 15206K, committed 15488K, reserved 1062912K
  class space    used 1819K, capacity 1913K, committed 1920K, reserved 1048576K
Event: 4.899 GC heap after
Heap after GC invocations=2 (full 0):
 PSYoungGen      total 75776K, used 10749K [0x000000076b800000, 0x0000000770c80000, 0x00000007c0000000)
  eden space 65024K, 0% used [0x000000076b800000,0x000000076b800000,0x000000076f780000)
  from space 10752K, 99% used [0x0000000770200000,0x0000000770c7f4b0,0x0000000770c80000)
  to   space 10752K, 0% used [0x000000076f780000,0x000000076f780000,0x0000000770200000)
 ParOldGen       total 173568K, used 723K [0x00000006c2800000, 0x00000006cd180000, 0x000000076b800000)
  object space 173568K, 0% used [0x00000006c2800000,0x00000006c28b4ca0,0x00000006cd180000)
 Metaspace       used 14971K, capacity 15206K, committed 15488K, reserved 1062912K
  class space    used 1819K, capacity 1913K, committed 1920K, reserved 1048576K
}
Event: 7.175 GC heap before
{Heap before GC invocations=3 (full 0):
 PSYoungGen      total 75776K, used 75773K [0x000000076b800000, 0x0000000770c80000, 0x00000007c0000000)
  eden space 65024K, 100% used [0x000000076b800000,0x000000076f780000,0x000000076f780000)
  from space 10752K, 99% used [0x0000000770200000,0x0000000770c7f4b0,0x0000000770c80000)
  to   space 10752K, 0% used [0x000000076f780000,0x000000076f780000,0x0000000770200000)
 ParOldGen       total 173568K, used 723K [0x00000006c2800000, 0x00000006cd180000, 0x000000076b800000)
  object space 173568K, 0% used [0x00000006c2800000,0x00000006c28b4ca0,0x00000006cd180000)
 Metaspace       used 15772K, capacity 16036K, committed 16384K, reserved 1062912K
  class space    used 1870K, capacity 1950K, committed 2048K, reserved 1048576K
Event: 7.200 GC heap after
Heap after GC invocations=3 (full 0):
 PSYoungGen      total 75776K, used 10736K [0x000000076b800000, 0x0000000770c80000, 0x00000007c0000000)
  eden space 65024K, 0% used [0x000000076b800000,0x000000076b800000,0x000000076f780000)
  from space 10752K, 99% used [0x000000076f780000,0x00000007701fc050,0x0000000770200000)
  to   space 10752K, 0% used [0x0000000770200000,0x0000000770200000,0x0000000770c80000)
 ParOldGen       total 173568K, used 3622K [0x00000006c2800000, 0x00000006cd180000, 0x000000076b800000)
  object space 173568K, 2% used [0x00000006c2800000,0x00000006c2b89868,0x00000006cd180000)
 Metaspace       used 15772K, capacity 16036K, committed 16384K, reserved 1062912K
  class space    used 1870K, capacity 1950K, committed 2048K, reserved 1048576K
}
Event: 11.303 GC heap before
{Heap before GC invocations=4 (full 0):
 PSYoungGen      total 75776K, used 75760K [0x000000076b800000, 0x0000000770c80000, 0x00000007c0000000)
  eden space 65024K, 100% used [0x000000076b800000,0x000000076f780000,0x000000076f780000)
  from space 10752K, 99% used [0x000000076f780000,0x00000007701fc050,0x0000000770200000)
  to   space 10752K, 0% used [0x0000000770200000,0x0000000770200000,0x0000000770c80000)
 ParOldGen       total 173568K, used 3622K [0x00000006c2800000, 0x00000006cd180000, 0x000000076b800000)
  object space 173568K, 2% used [0x00000006c2800000,0x00000006c2b89868,0x00000006cd180000)
 Metaspace       used 17712K, capacity 18290K, committed 18432K, reserved 1064960K
  class space    used 2055K, capacity 2233K, committed 2304K, reserved 1048576K
Event: 11.329 GC heap after
Heap after GC invocations=4 (full 0):
 PSYoungGen      total 75776K, used 10736K [0x000000076b800000, 0x0000000774c00000, 0x00000007c0000000)
  eden space 65024K, 0% used [0x000000076b800000,0x000000076b800000,0x000000076f780000)
  from space 10752K, 99% used [0x0000000770200000,0x0000000770c7c030,0x0000000770c80000)
  to   space 10752K, 0% used [0x000000076f780000,0x000000076f780000,0x0000000770200000)
 ParOldGen       total 173568K, used 8533K [0x00000006c2800000, 0x00000006cd180000, 0x000000076b800000)
  object space 173568K, 4% used [0x00000006c2800000,0x00000006c3055600,0x00000006cd180000)
 Metaspace       used 17712K, capacity 18290K, committed 18432K, reserved 1064960K
  class space    used 2055K, capacity 2233K, committed 2304K, reserved 1048576K
}

